c:\users\asus\documents\visual studio 2013\projects\project2\project2\release\vc120.pdb
c:\users\asus\documents\visual studio 2013\projects\project2\project2\release\vec3.obj
c:\users\asus\documents\visual studio 2013\projects\project2\project2\release\myapp.obj
c:\users\asus\documents\visual studio 2013\projects\project2\project2\release\mat4.obj
c:\users\asus\documents\visual studio 2013\projects\project2\project2\release\log.obj
c:\users\asus\documents\visual studio 2013\projects\project2\project2\release\cube.obj
c:\users\asus\documents\visual studio 2013\projects\project2\project2\release\apputill.obj
c:\users\asus\documents\visual studio 2013\projects\project2\project2\release\application.obj
c:\users\asus\documents\visual studio 2013\projects\project2\release\project2.exe
c:\users\asus\documents\visual studio 2013\projects\project2\release\project2.pdb
c:\users\asus\documents\visual studio 2013\projects\project2\project2\release\project2.res
c:\users\asus\documents\visual studio 2013\projects\project2\project2\release\project2.tlog\cl.command.1.tlog
c:\users\asus\documents\visual studio 2013\projects\project2\project2\release\project2.tlog\cl.read.1.tlog
c:\users\asus\documents\visual studio 2013\projects\project2\project2\release\project2.tlog\cl.write.1.tlog
c:\users\asus\documents\visual studio 2013\projects\project2\project2\release\project2.tlog\link.command.1.tlog
c:\users\asus\documents\visual studio 2013\projects\project2\project2\release\project2.tlog\link.read.1.tlog
c:\users\asus\documents\visual studio 2013\projects\project2\project2\release\project2.tlog\link.write.1.tlog
c:\users\asus\documents\visual studio 2013\projects\project2\project2\release\project2.tlog\rc.command.1.tlog
c:\users\asus\documents\visual studio 2013\projects\project2\project2\release\project2.tlog\rc.read.1.tlog
c:\users\asus\documents\visual studio 2013\projects\project2\project2\release\project2.tlog\rc.write.1.tlog
